<?xml version="1.0" encoding="UTF-8"?>
<testsuite xmlns:xsi="http://www.w3.org/2001/XMLSchema-instance" xsi:noNamespaceSchemaLocation="https://maven.apache.org/surefire/maven-surefire-plugin/xsd/surefire-test-report.xsd" name="edu.eci.cvds.tdd.aerodescuentos.TarifasTest" time="0.064" tests="14" errors="0" skipped="0" failures="2">
  <properties>
[...]
</properties>
  <testcase name="diasDeAntelacionPositivos" classname="edu.eci.cvds.tdd.aerodescuentos.TarifasTest" time="0.005"/>
  <testcase name="tarifaBaseNegativa_DiasDeAntelacionNegativos_EdadRecienNacido" classname="edu.eci.cvds.tdd.aerodescuentos.TarifasTest" time="0.001"/>
  <testcase name="edadNegativa_diasDeAntelacionInvalidos" classname="edu.eci.cvds.tdd.aerodescuentos.TarifasTest" time="0"/>
  <testcase name="diasDeAntelacion0" classname="edu.eci.cvds.tdd.aerodescuentos.TarifasTest" time="0"/>
  <testcase name="edadNegativa" classname="edu.eci.cvds.tdd.aerodescuentos.TarifasTest" time="0.005">
    <failure message="expected:&lt;0&gt; but was:&lt;9&gt;" type="java.lang.AssertionError"><![CDATA[java.lang.AssertionError: expected:<0> but was:<9>
	at edu.eci.cvds.tdd.aerodescuentos.TarifasTest.edadNegativa(TarifasTest.java:18)
]]></failure>
  </testcase>
  <testcase name="edadNegativa_tarifaBaseNegativa" classname="edu.eci.cvds.tdd.aerodescuentos.TarifasTest" time="0"/>
  <testcase name="diasDeAntelacionNegativos" classname="edu.eci.cvds.tdd.aerodescuentos.TarifasTest" time="0"/>
  <testcase name="tarifaBasePositiva" classname="edu.eci.cvds.tdd.aerodescuentos.TarifasTest" time="0"/>
  <testcase name="tarifaBaseNegativa" classname="edu.eci.cvds.tdd.aerodescuentos.TarifasTest" time="0">
    <failure message="expected:&lt;0&gt; but was:&lt;-1&gt;" type="java.lang.AssertionError"><![CDATA[java.lang.AssertionError: expected:<0> but was:<-1>
	at edu.eci.cvds.tdd.aerodescuentos.TarifasTest.tarifaBaseNegativa(TarifasTest.java:49)
]]></failure>
  </testcase>
  <testcase name="edadNegativa_tarifaBaseNegativa_diasDeAntelacionNegativos" classname="edu.eci.cvds.tdd.aerodescuentos.TarifasTest" time="0.001"/>
  <testcase name="tarifaBase0" classname="edu.eci.cvds.tdd.aerodescuentos.TarifasTest" time="0"/>
  <testcase name="edadNegativa_tarifaBase0" classname="edu.eci.cvds.tdd.aerodescuentos.TarifasTest" time="0"/>
  <testcase name="edadDeRecienNacido" classname="edu.eci.cvds.tdd.aerodescuentos.TarifasTest" time="0"/>
  <testcase name="edadPositivaConDiasDeAntelacion" classname="edu.eci.cvds.tdd.aerodescuentos.TarifasTest" time="0.001"/>
</testsuite>